size=5
6   7   8   12  13  
gap=3 zero=0
is seq ? 0
size=5
5   7   9   11  12  
gap=3 zero=0
is seq ? 0
size=5
0   2   7   10  13  
gap=8 zero=1
is seq ? 0
size=5
2   3   7   11  12  
gap=6 zero=0
is seq ? 0
size=5
3   4   7   12  13  
gap=6 zero=0
is seq ? 0
size=5
0   0   6   7   8   
gap=0 zero=2
is seq ? 1
size=5
1   2   4   7   11  
gap=6 zero=0
is seq ? 0
size=5
0   2   3   5   12  
gap=7 zero=1
is seq ? 0
size=5
3   7   9   12  13  
gap=6 zero=0
is seq ? 0
size=5
4   5   7   11  13  
gap=5 zero=0
is seq ? 0
size=5
4   5   7   11  12  
gap=4 zero=0
is seq ? 0
size=5
0   3   6   7   11  
gap=5 zero=1
is seq ? 0
size=5
2   3   4   6   9   
gap=3 zero=0
is seq ? 0
size=5
3   7   10  11  13  
gap=6 zero=0
is seq ? 0
size=5
0   0   6   8   13  
gap=5 zero=2
is seq ? 0
size=5
3   6   7   9   11  
gap=4 zero=0
is seq ? 0
size=5
6   7   9   10  13  
gap=3 zero=0
is seq ? 0
size=5
0   3   9   12  13  
gap=7 zero=1
is seq ? 0
size=5
3   6   9   10  11  
gap=4 zero=0
is seq ? 0
size=5
0   5   6   7   13  
gap=5 zero=1
is seq ? 0
size=5
0   1   2   6   13  
gap=9 zero=1
is seq ? 0
size=5
0   6   8   9   12  
gap=3 zero=1
is seq ? 0
size=5
0   6   7   8   10  
gap=1 zero=1
is seq ? 1
size=5
0   1   3   6   13  
gap=9 zero=1
is seq ? 0
size=5
6   7   11  12  13  
gap=3 zero=0
is seq ? 0
size=5
5   6   7   9   13  
gap=4 zero=0
is seq ? 0
size=5
1   4   5   6   12  
gap=7 zero=0
is seq ? 0
size=5
0   1   6   9   11  
gap=7 zero=1
is seq ? 0
size=5
1   3   6   8   12  
gap=7 zero=0
is seq ? 0
size=5
0   3   6   10  11  
gap=5 zero=1
is seq ? 0
size=5
1   2   6   10  13  
gap=8 zero=0
is seq ? 0
size=5
0   4   6   9   12  
gap=5 zero=1
is seq ? 0
size=5
0   2   5   6   13  
gap=8 zero=1
is seq ? 0
size=5
0   1   3   5   6   
gap=2 zero=1
is seq ? 0
size=5
4   6   8   10  13  
gap=5 zero=0
is seq ? 0
size=5
2   6   9   12  13  
gap=7 zero=0
is seq ? 0
size=5
2   5   8   12  13  
gap=7 zero=0
is seq ? 0
size=5
2   3   4   6   10  
gap=4 zero=0
is seq ? 0
size=5
6   7   8   12  13  
gap=3 zero=0
is seq ? 0
size=5
0   1   3   4   13  
gap=9 zero=1
is seq ? 0
size=5
0   1   5   6   9   
gap=5 zero=1
is seq ? 0
size=5
1   2   9   12  13  
gap=8 zero=0
is seq ? 0
size=5
1   5   8   9   13  
gap=8 zero=0
is seq ? 0
size=5
2   4   5   8   13  
gap=7 zero=0
is seq ? 0
size=5
4   5   6   10  13  
gap=5 zero=0
is seq ? 0
size=5
3   5   10  12  13  
gap=6 zero=0
is seq ? 0
size=5
3   5   9   11  13  
gap=6 zero=0
is seq ? 0
size=5
0   1   8   9   12  
gap=8 zero=1
is seq ? 0
size=5
3   5   6   10  13  
gap=6 zero=0
is seq ? 0
size=5
4   5   6   10  12  
gap=4 zero=0
is seq ? 0
size=5
2   5   9   10  12  
gap=6 zero=0
is seq ? 0
size=5
0   0   6   7   12  
gap=4 zero=2
is seq ? 0
size=5
1   4   6   8   12  
gap=7 zero=0
is seq ? 0
size=5
5   8   9   10  12  
gap=3 zero=0
is seq ? 0
size=5
3   7   8   9   12  
gap=5 zero=0
is seq ? 0
size=5
5   6   11  12  13  
gap=4 zero=0
is seq ? 0
size=5
0   4   6   10  12  
gap=5 zero=1
is seq ? 0
size=5
1   7   9   12  13  
gap=8 zero=0
is seq ? 0
size=5
3   7   9   10  12  
gap=5 zero=0
is seq ? 0
size=5
0   1   3   5   7   
gap=3 zero=1
is seq ? 0
size=5
0   1   5   6   13  
gap=9 zero=1
is seq ? 0
size=5
4   5   10  12  13  
gap=5 zero=0
is seq ? 0
size=5
2   5   7   11  13  
gap=7 zero=0
is seq ? 0
size=5
1   5   8   9   13  
gap=8 zero=0
is seq ? 0
size=5
2   6   7   11  12  
gap=6 zero=0
is seq ? 0
size=5
5   6   9   11  12  
gap=3 zero=0
is seq ? 0
size=5
2   5   8   10  12  
gap=6 zero=0
is seq ? 0
size=5
1   5   6   8   11  
gap=6 zero=0
is seq ? 0
size=5
3   6   7   11  12  
gap=5 zero=0
is seq ? 0
size=5
3   4   10  11  12  
gap=5 zero=0
is seq ? 0
size=5
3   5   11  12  13  
gap=6 zero=0
is seq ? 0
size=5
1   2   5   6   9   
gap=4 zero=0
is seq ? 0
size=5
0   2   5   7   11  
gap=6 zero=1
is seq ? 0
size=5
2   5   7   10  12  
gap=6 zero=0
is seq ? 0
size=5
1   5   7   12  13  
gap=8 zero=0
is seq ? 0
size=5
4   5   6   8   10  
gap=2 zero=0
is seq ? 0
size=5
0   0   1   4   5   
gap=2 zero=2
is seq ? 1
size=5
2   4   11  12  13  
gap=7 zero=0
is seq ? 0
size=5
1   3   4   6   7   
gap=2 zero=0
is seq ? 0
size=5
4   6   9   10  11  
gap=3 zero=0
is seq ? 0
size=5
0   3   5   11  12  
gap=6 zero=1
is seq ? 0
size=5
0   0   6   11  13  
gap=5 zero=2
is seq ? 0
size=5
1   4   7   10  13  
gap=8 zero=0
is seq ? 0
size=5
4   7   8   12  13  
gap=5 zero=0
is seq ? 0
size=5
0   2   3   4   11  
gap=6 zero=1
is seq ? 0
size=5
3   4   6   7   13  
gap=6 zero=0
is seq ? 0
size=5
1   4   7   11  13  
gap=8 zero=0
is seq ? 0
size=5
1   5   9   11  12  
gap=7 zero=0
is seq ? 0
size=5
0   5   10  11  12  
gap=4 zero=1
is seq ? 0
size=5
1   4   10  11  13  
gap=8 zero=0
is seq ? 0
size=5
3   4   9   12  13  
gap=6 zero=0
is seq ? 0
size=5
0   1   4   11  12  
gap=8 zero=1
is seq ? 0
size=5
1   2   4   7   11  
gap=6 zero=0
is seq ? 0
size=5
0   2   4   11  12  
gap=7 zero=1
is seq ? 0
size=5
0   2   4   6   10  
gap=5 zero=1
is seq ? 0
size=5
0   4   7   8   13  
gap=6 zero=1
is seq ? 0
size=5
0   2   8   11  12  
gap=7 zero=1
is seq ? 0
size=5
1   5   7   11  13  
gap=8 zero=0
is seq ? 0
size=5
2   3   4   8   9   
gap=3 zero=0
is seq ? 0
size=5
1   4   8   9   11  
gap=6 zero=0
is seq ? 0
